🚀 티스토리 자동 포스팅 스케줄러 시작!
📋 활성 계정: 1개
━━━━━━━━━━━━━━━━━━━━━━━━━━━━

📅 [song-circle] 스케줄 등록:
  • trend: 0 9,14,20 * * *
  • crypto: 0 10,18 * * *
  • tech: 0 12 * * *
  • movie: 0 21 * * 1,4
  • lotto: 0 22 * * 6
  • lotto-predict: 0 10 * * 5
  • weather: 0 7,17 * * *
  • fortune: 0 6 * * *
  • sports: 0 8 * * *
  • coupang: 0 9,13,19 * * *

━━━━━━━━━━━━━━━━━━━━━━━━━━━━
⏳ 스케줄 대기 중... (종료: Ctrl+C)

⏰ [song-circle] 스케줄 실행: tech
✅ 로그인 성공!
  🔍 임시저장 알림 자동 처리 설정...
  ✅ 페이지 로딩 완료
  📝 본문 입력 중...
  📝 본문 입력 완료
  🏷️ 태그 입력: [IT뉴스 테크 기술 AI 스마트폰]
    [1/5] 태그 추가: IT뉴스
    [2/5] 태그 추가: 테크
    [3/5] 태그 추가: 기술
    [4/5] 태그 추가: AI
    [5/5] 태그 추가: 스마트폰
    태그 입력 완료
  📂 카테고리 선택: IT-테크
    드롭다운 클릭됨
    카테고리 'IT-테크' 선택됨
  📤 완료 버튼 클릭 시도...
  ✅ 완료 버튼 클릭 시도 완료
  📤 공개 옵션 선택...
  📤 공개 발행 버튼 클릭 시도...
  ✅ 발행 버튼 클릭 완료
  ✅ [song-circle] 포스팅 완료: [12/22] IT/테크 뉴스 브리핑 💻
